<?xml version="1.0" encoding="UTF-8"?>
<!-- Generated by org.testng.reporters.JUnitReportReporter -->
<testsuite hostname="THSLT10133" failures="0" tests="3" name="FstTest.Test1" time="0.023" errors="0" timestamp="2020-06-16T13:54:46 IST" skipped="0">
  <testcase classname="FstTest.Test1" name="test01" time="0.009"/>
  <system-out/>
  <testcase classname="FstTest.Test1" name="demo" time="0.009"/>
  <system-out/>
  <testcase classname="FstTest.Test1" name="test02" time="0.005"/>
  <system-out/>
</testsuite> <!-- FstTest.Test1 -->
