<?xml version="1.0" encoding="UTF-8"?>
<!-- Generated by org.testng.reporters.JUnitReportReporter -->
<testsuite hostname="THSLT10133" failures="0" tests="5" name="FstTest.Test2" time="0.034" errors="0" timestamp="2020-06-16T13:54:46 IST" skipped="0">
  <testcase classname="FstTest.Test2" name="MobileLoginCarlone" time="0.004"/>
  <system-out/>
  <testcase classname="FstTest.Test2" name="demo1" time="0.006"/>
  <system-out/>
  <testcase classname="FstTest.Test2" name="MobileLoginCarlone" time="0.006"/>
  <system-out/>
  <testcase classname="FstTest.Test2" name="MobileLoginCarlone" time="0.011"/>
  <system-out/>
  <testcase classname="FstTest.Test2" name="test02" time="0.007"/>
  <system-out/>
</testsuite> <!-- FstTest.Test2 -->
