<?xml version="1.0" encoding="UTF-8"?>
<!-- Generated by org.testng.reporters.JUnitReportReporter -->
<testsuite hostname="THSLT10133" failures="0" tests="3" name="FstTest.Test3" time="0.025" errors="0" timestamp="2020-06-16T13:54:46 IST" skipped="0">
  <testcase classname="FstTest.Test3" name="LoginAPICarlone" time="0.013"/>
  <system-out/>
  <testcase classname="FstTest.Test3" name="MobileLoginCarlone" time="0.005"/>
  <system-out/>
  <testcase classname="FstTest.Test3" name="WebloginCarlone" time="0.007"/>
  <system-out/>
</testsuite> <!-- FstTest.Test3 -->
