<?xml version="1.0" encoding="UTF-8"?>
<!-- Generated by org.testng.reporters.JUnitReportReporter -->
<testsuite hostname="THSLT10133" failures="0" tests="3" name="FstTest.Test4" time="0.006" errors="0" timestamp="2020-06-16T13:54:46 IST" skipped="0">
  <testcase classname="FstTest.Test4" name="MobileloginHomelone" time="0.003"/>
  <system-out/>
  <testcase classname="FstTest.Test4" name="LoginAPIHomelone" time="0.001"/>
  <system-out/>
  <testcase classname="FstTest.Test4" name="WebloginHomelone" time="0.002"/>
  <system-out/>
</testsuite> <!-- FstTest.Test4 -->
